<?xml version="1.0" encoding="UTF-8"?>
<testng-results skipped="0" failed="1" ignored="0" total="3" passed="2">
  <reporter-output>
  </reporter-output>
  <suite name="AFSuite" duration-ms="8014" started-at="2018-05-09T22:39:06Z" finished-at="2018-05-09T22:39:14Z">
    <groups>
    </groups>
    <test name="AFTest" duration-ms="8014" started-at="2018-05-09T22:39:06Z" finished-at="2018-05-09T22:39:14Z">
      <class name="com.wbl.test.HomePageTest">
        <test-method status="PASS" signature="beforeSuite()[pri:0, instance:com.wbl.test.HomePageTest@7d8704ef]" name="beforeSuite" is-config="true" duration-ms="6" started-at="2018-05-09T15:39:06Z" finished-at="2018-05-09T15:39:06Z">
          <reporter-output>
          </reporter-output>
        </test-method> <!-- beforeSuite -->
        <test-method status="PASS" signature="beforeClass()[pri:0, instance:com.wbl.test.HomePageTest@7d8704ef]" name="beforeClass" is-config="true" duration-ms="5206" started-at="2018-05-09T15:39:06Z" finished-at="2018-05-09T15:39:11Z">
          <reporter-output>
          </reporter-output>
        </test-method> <!-- beforeClass -->
        <test-method status="PASS" signature="assertSlides()[pri:1, instance:com.wbl.test.HomePageTest@7d8704ef]" name="assertSlides" duration-ms="35" started-at="2018-05-09T15:39:11Z" finished-at="2018-05-09T15:39:11Z">
          <reporter-output>
          </reporter-output>
        </test-method> <!-- assertSlides -->
        <test-method status="PASS" signature="afterMethod(org.testng.ITestResult)[pri:0, instance:com.wbl.test.HomePageTest@7d8704ef]" name="afterMethod" is-config="true" duration-ms="1" started-at="2018-05-09T15:39:11Z" finished-at="2018-05-09T15:39:11Z">
          <params>
            <param index="0">
              <value>
                <![CDATA[[TestResult name=assertSlides status=SUCCESS method=HomePageTest.assertSlides()[pri:1, instance:com.wbl.test.HomePageTest@7d8704ef] output={null}]]]>
              </value>
            </param>
          </params>
          <reporter-output>
          </reporter-output>
        </test-method> <!-- afterMethod -->
        <test-method status="FAIL" signature="assertRecText()[pri:2, instance:com.wbl.test.HomePageTest@7d8704ef]" name="assertRecText" duration-ms="131" started-at="2018-05-09T15:39:11Z" finished-at="2018-05-09T15:39:11Z">
          <exception class="java.lang.AssertionError">
            <message>
              <![CDATA[expected:<Recordings> but was:<Recordings....>]]>
            </message>
            <full-stacktrace>
              <![CDATA[java.lang.AssertionError: expected:<Recordings> but was:<Recordings....>
	at org.testng.AssertJUnit.assertEquals(AssertJUnit.java:101)
	at org.testng.AssertJUnit.assertEquals(AssertJUnit.java:108)
	at com.wbl.test.HomePageTest.assertRecText(HomePageTest.java:32)
	at sun.reflect.NativeMethodAccessorImpl.invoke0(Native Method)
	at sun.reflect.NativeMethodAccessorImpl.invoke(NativeMethodAccessorImpl.java:62)
	at sun.reflect.DelegatingMethodAccessorImpl.invoke(DelegatingMethodAccessorImpl.java:43)
	at java.lang.reflect.Method.invoke(Method.java:498)
	at org.testng.internal.MethodInvocationHelper.invokeMethod(MethodInvocationHelper.java:104)
	at org.testng.internal.Invoker.invokeMethod(Invoker.java:645)
	at org.testng.internal.Invoker.invokeTestMethod(Invoker.java:851)
	at org.testng.internal.Invoker.invokeTestMethods(Invoker.java:1177)
	at org.testng.internal.TestMethodWorker.invokeTestMethods(TestMethodWorker.java:129)
	at org.testng.internal.TestMethodWorker.run(TestMethodWorker.java:112)
	at org.testng.TestRunner.privateRun(TestRunner.java:756)
	at org.testng.TestRunner.run(TestRunner.java:610)
	at org.testng.SuiteRunner.runTest(SuiteRunner.java:387)
	at org.testng.SuiteRunner.runSequentially(SuiteRunner.java:382)
	at org.testng.SuiteRunner.privateRun(SuiteRunner.java:340)
	at org.testng.SuiteRunner.run(SuiteRunner.java:289)
	at org.testng.SuiteRunnerWorker.runSuite(SuiteRunnerWorker.java:52)
	at org.testng.SuiteRunnerWorker.run(SuiteRunnerWorker.java:86)
	at org.testng.TestNG.runSuitesSequentially(TestNG.java:1293)
	at org.testng.TestNG.runSuitesLocally(TestNG.java:1218)
	at org.testng.TestNG.runSuites(TestNG.java:1133)
	at org.testng.TestNG.run(TestNG.java:1104)
	at org.testng.remote.AbstractRemoteTestNG.run(AbstractRemoteTestNG.java:114)
	at org.testng.remote.RemoteTestNG.initAndRun(RemoteTestNG.java:251)
	at org.testng.remote.RemoteTestNG.main(RemoteTestNG.java:77)
]]>
            </full-stacktrace>
          </exception> <!-- java.lang.AssertionError -->
          <reporter-output>
          </reporter-output>
        </test-method> <!-- assertRecText -->
        <test-method status="PASS" signature="afterMethod(org.testng.ITestResult)[pri:0, instance:com.wbl.test.HomePageTest@7d8704ef]" name="afterMethod" is-config="true" duration-ms="349" started-at="2018-05-09T15:39:11Z" finished-at="2018-05-09T15:39:11Z">
          <params>
            <param index="0">
              <value>
                <![CDATA[[TestResult name=assertRecText status=FAILURE method=HomePageTest.assertRecText()[pri:2, instance:com.wbl.test.HomePageTest@7d8704ef] output={null}]]]>
              </value>
            </param>
          </params>
          <reporter-output>
          </reporter-output>
        </test-method> <!-- afterMethod -->
        <test-method status="PASS" signature="assertClickRecording()[pri:3, instance:com.wbl.test.HomePageTest@7d8704ef]" name="assertClickRecording" duration-ms="2110" started-at="2018-05-09T15:39:11Z" finished-at="2018-05-09T15:39:13Z">
          <reporter-output>
          </reporter-output>
        </test-method> <!-- assertClickRecording -->
        <test-method status="PASS" signature="afterClass()[pri:0, instance:com.wbl.test.HomePageTest@7d8704ef]" name="afterClass" is-config="true" duration-ms="166" started-at="2018-05-09T15:39:13Z" finished-at="2018-05-09T15:39:14Z">
          <reporter-output>
          </reporter-output>
        </test-method> <!-- afterClass -->
        <test-method status="PASS" signature="afterMethod(org.testng.ITestResult)[pri:0, instance:com.wbl.test.HomePageTest@7d8704ef]" name="afterMethod" is-config="true" duration-ms="0" started-at="2018-05-09T15:39:13Z" finished-at="2018-05-09T15:39:13Z">
          <params>
            <param index="0">
              <value>
                <![CDATA[[TestResult name=assertClickRecording status=SUCCESS method=HomePageTest.assertClickRecording()[pri:3, instance:com.wbl.test.HomePageTest@7d8704ef] output={null}]]]>
              </value>
            </param>
          </params>
          <reporter-output>
          </reporter-output>
        </test-method> <!-- afterMethod -->
      </class> <!-- com.wbl.test.HomePageTest -->
    </test> <!-- AFTest -->
  </suite> <!-- AFSuite -->
</testng-results>
